<?xml version="1.0" encoding="UTF-8"?>
<coverage generated="1621065432628" clover="3.2.0">
  <project timestamp="1621065432629" name="All files">
    <metrics statements="94" coveredstatements="91" conditionals="41" coveredconditionals="37" methods="19" coveredmethods="19" elements="154" coveredelements="147" complexity="0" loc="94" ncloc="94" packages="1" files="6" classes="6"/>
    <file name="fetchPrivateEndpoint.ts" path="/Users/jeppesmith/Workspaces/fpl-api-monorepo/fpl-api/src/fetchPrivateEndpoint.ts">
      <metrics statements="8" coveredstatements="7" conditionals="2" coveredconditionals="1" methods="1" coveredmethods="1"/>
      <line num="1" count="2" type="stmt"/>
      <line num="2" count="2" type="stmt"/>
      <line num="5" count="2" type="stmt"/>
      <line num="10" count="4" type="stmt"/>
      <line num="11" count="4" type="stmt"/>
      <line num="13" count="4" type="cond" truecount="1" falsecount="1"/>
      <line num="14" count="0" type="stmt"/>
      <line num="17" count="4" type="stmt"/>
    </file>
    <file name="fetchPublicEndpoint.ts" path="/Users/jeppesmith/Workspaces/fpl-api-monorepo/fpl-api/src/fetchPublicEndpoint.ts">
      <metrics statements="6" coveredstatements="5" conditionals="3" coveredconditionals="2" methods="1" coveredmethods="1"/>
      <line num="1" count="3" type="stmt"/>
      <line num="3" count="3" type="stmt"/>
      <line num="7" count="3" type="cond" truecount="1" falsecount="0"/>
      <line num="9" count="3" type="cond" truecount="1" falsecount="1"/>
      <line num="10" count="0" type="stmt"/>
      <line num="13" count="3" type="stmt"/>
    </file>
    <file name="fetchSession.ts" path="/Users/jeppesmith/Workspaces/fpl-api-monorepo/fpl-api/src/fetchSession.ts">
      <metrics statements="20" coveredstatements="19" conditionals="4" coveredconditionals="3" methods="1" coveredmethods="1"/>
      <line num="1" count="3" type="stmt"/>
      <line num="2" count="3" type="stmt"/>
      <line num="3" count="3" type="stmt"/>
      <line num="4" count="3" type="stmt"/>
      <line num="11" count="3" type="stmt"/>
      <line num="16" count="6" type="stmt"/>
      <line num="17" count="6" type="stmt"/>
      <line num="18" count="6" type="stmt"/>
      <line num="19" count="6" type="stmt"/>
      <line num="21" count="6" type="stmt"/>
      <line num="22" count="6" type="stmt"/>
      <line num="23" count="6" type="stmt"/>
      <line num="24" count="6" type="stmt"/>
      <line num="29" count="6" type="stmt"/>
      <line num="34" count="6" type="cond" truecount="1" falsecount="1"/>
      <line num="35" count="0" type="stmt"/>
      <line num="38" count="6" type="cond" truecount="2" falsecount="0"/>
      <line num="43" count="1" type="stmt"/>
      <line num="46" count="5" type="stmt"/>
      <line num="48" count="1" type="stmt"/>
    </file>
    <file name="index.ts" path="/Users/jeppesmith/Workspaces/fpl-api-monorepo/fpl-api/src/index.ts">
      <metrics statements="3" coveredstatements="3" conditionals="0" coveredconditionals="0" methods="0" coveredmethods="0"/>
      <line num="1" count="2" type="stmt"/>
      <line num="2" count="2" type="stmt"/>
      <line num="3" count="2" type="stmt"/>
    </file>
    <file name="privateEndpoints.ts" path="/Users/jeppesmith/Workspaces/fpl-api-monorepo/fpl-api/src/privateEndpoints.ts">
      <metrics statements="25" coveredstatements="25" conditionals="18" coveredconditionals="17" methods="7" coveredmethods="7"/>
      <line num="2" count="2" type="stmt"/>
      <line num="175" count="2" type="stmt"/>
      <line num="179" count="2" type="cond" truecount="1" falsecount="1"/>
      <line num="181" count="2" type="cond" truecount="2" falsecount="0"/>
      <line num="187" count="2" type="stmt"/>
      <line num="199" count="2" type="stmt"/>
      <line num="202" count="2" type="cond" truecount="2" falsecount="0"/>
      <line num="207" count="2" type="cond" truecount="2" falsecount="0"/>
      <line num="213" count="2" type="stmt"/>
      <line num="226" count="2" type="stmt"/>
      <line num="229" count="2" type="cond" truecount="2" falsecount="0"/>
      <line num="235" count="2" type="cond" truecount="2" falsecount="0"/>
      <line num="241" count="2" type="stmt"/>
      <line num="250" count="2" type="stmt"/>
      <line num="254" count="2" type="cond" truecount="1" falsecount="0"/>
      <line num="262" count="2" type="stmt"/>
      <line num="271" count="2" type="stmt"/>
      <line num="275" count="2" type="cond" truecount="1" falsecount="0"/>
      <line num="283" count="2" type="stmt"/>
      <line num="292" count="2" type="stmt"/>
      <line num="296" count="2" type="cond" truecount="2" falsecount="0"/>
      <line num="301" count="2" type="stmt"/>
      <line num="309" count="2" type="stmt"/>
      <line num="310" count="2" type="cond" truecount="2" falsecount="0"/>
      <line num="315" count="2" type="stmt"/>
    </file>
    <file name="publicEndpoints.ts" path="/Users/jeppesmith/Workspaces/fpl-api-monorepo/fpl-api/src/publicEndpoints.ts">
      <metrics statements="32" coveredstatements="32" conditionals="14" coveredconditionals="14" methods="9" coveredmethods="9"/>
      <line num="1" count="3" type="stmt"/>
      <line num="453" count="3" type="cond" truecount="2" falsecount="0"/>
      <line num="454" count="3" type="stmt"/>
      <line num="455" count="3" type="stmt"/>
      <line num="456" count="3" type="stmt"/>
      <line num="516" count="3" type="stmt"/>
      <line num="517" count="2" type="cond" truecount="2" falsecount="0"/>
      <line num="521" count="2" type="stmt"/>
      <line num="528" count="3" type="stmt"/>
      <line num="531" count="3" type="cond" truecount="1" falsecount="0"/>
      <line num="534" count="3" type="stmt"/>
      <line num="536" count="3" type="stmt"/>
      <line num="538" count="3" type="stmt"/>
      <line num="546" count="3" type="stmt"/>
      <line num="550" count="2" type="cond" truecount="2" falsecount="0"/>
      <line num="554" count="2" type="stmt"/>
      <line num="560" count="3" type="stmt"/>
      <line num="561" count="2" type="cond" truecount="2" falsecount="0"/>
      <line num="565" count="2" type="stmt"/>
      <line num="572" count="3" type="stmt"/>
      <line num="573" count="3" type="cond" truecount="2" falsecount="0"/>
      <line num="574" count="3" type="stmt"/>
      <line num="578" count="3" type="stmt"/>
      <line num="585" count="3" type="stmt"/>
      <line num="586" count="2" type="cond" truecount="1" falsecount="0"/>
      <line num="590" count="2" type="stmt"/>
      <line num="597" count="3" type="stmt"/>
      <line num="600" count="2" type="cond" truecount="1" falsecount="0"/>
      <line num="604" count="2" type="stmt"/>
      <line num="611" count="3" type="stmt"/>
      <line num="612" count="2" type="cond" truecount="1" falsecount="0"/>
      <line num="616" count="2" type="stmt"/>
    </file>
  </project>
</coverage>
