{"/Users/jeppesmith/Workspaces/fpl-api-monorepo/fpl-api/src/fetchPrivateEndpoint.ts": {"path":"/Users/jeppesmith/Workspaces/fpl-api-monorepo/fpl-api/src/fetchPrivateEndpoint.ts","statementMap":{"0":{"start":{"line":1,"column":0},"end":{"line":1,"column":62}},"1":{"start":{"line":2,"column":0},"end":{"line":2,"column":50}},"2":{"start":{"line":10,"column":8},"end":{"line":10,"column":48}},"3":{"start":{"line":11,"column":19},"end":{"line":11,"column":null}},"4":{"start":{"line":11,"column":8},"end":{"line":11,"column":null}},"5":{"start":{"line":13,"column":2},"end":{"line":15,"column":null}},"6":{"start":{"line":14,"column":4},"end":{"line":14,"column":41}},"7":{"start":{"line":17,"column":2},"end":{"line":17,"column":18}},"8":{"start":{"line":5,"column":0},"end":{"line":5,"column":22}}},"fnMap":{"0":{"name":"fetchPrivateEndpoint","decl":{"start":{"line":5,"column":22},"end":{"line":5,"column":42}},"loc":{"start":{"line":8,"column":20},"end":{"line":18,"column":null}}}},"branchMap":{"0":{"loc":{"start":{"line":13,"column":2},"end":{"line":15,"column":null}},"type":"if","locations":[{"start":{"line":13,"column":2},"end":{"line":15,"column":null}},{"start":{"line":13,"column":2},"end":{"line":15,"column":null}}]}},"s":{"0":2,"1":2,"2":4,"3":4,"4":4,"5":4,"6":0,"7":4,"8":2},"f":{"0":4},"b":{"0":[0,4]}}
,"/Users/jeppesmith/Workspaces/fpl-api-monorepo/fpl-api/src/fetchPublicEndpoint.ts": {"path":"/Users/jeppesmith/Workspaces/fpl-api-monorepo/fpl-api/src/fetchPublicEndpoint.ts","statementMap":{"0":{"start":{"line":1,"column":0},"end":{"line":1,"column":58}},"1":{"start":{"line":7,"column":19},"end":{"line":7,"column":null}},"2":{"start":{"line":7,"column":8},"end":{"line":7,"column":null}},"3":{"start":{"line":9,"column":2},"end":{"line":11,"column":null}},"4":{"start":{"line":10,"column":4},"end":{"line":10,"column":41}},"5":{"start":{"line":13,"column":2},"end":{"line":13,"column":18}},"6":{"start":{"line":3,"column":0},"end":{"line":3,"column":22}}},"fnMap":{"0":{"name":"fetchPublicEndpoint","decl":{"start":{"line":3,"column":22},"end":{"line":3,"column":41}},"loc":{"start":{"line":5,"column":20},"end":{"line":14,"column":null}}}},"branchMap":{"0":{"loc":{"start":{"line":7,"column":19},"end":{"line":7,"column":null}},"type":"switch","locations":[{"start":{"line":7,"column":19},"end":{"line":7,"column":null}}]},"1":{"loc":{"start":{"line":9,"column":2},"end":{"line":11,"column":null}},"type":"if","locations":[{"start":{"line":9,"column":2},"end":{"line":11,"column":null}},{"start":{"line":9,"column":2},"end":{"line":11,"column":null}}]}},"s":{"0":3,"1":3,"2":3,"3":3,"4":0,"5":3,"6":3},"f":{"0":3},"b":{"0":[3],"1":[0,3]}}
,"/Users/jeppesmith/Workspaces/fpl-api-monorepo/fpl-api/src/fetchSession.ts": {"path":"/Users/jeppesmith/Workspaces/fpl-api-monorepo/fpl-api/src/fetchSession.ts","statementMap":{"0":{"start":{"line":1,"column":0},"end":{"line":1,"column":35}},"1":{"start":{"line":2,"column":0},"end":{"line":2,"column":50}},"2":{"start":{"line":3,"column":0},"end":{"line":3,"column":33}},"3":{"start":{"line":4,"column":0},"end":{"line":4,"column":41}},"4":{"start":{"line":16,"column":10},"end":{"line":16,"column":38}},"5":{"start":{"line":17,"column":10},"end":{"line":17,"column":52}},"6":{"start":{"line":18,"column":10},"end":{"line":18,"column":36}},"7":{"start":{"line":19,"column":8},"end":{"line":19,"column":17}},"8":{"start":{"line":21,"column":4},"end":{"line":21,"column":36}},"9":{"start":{"line":22,"column":4},"end":{"line":22,"column":42}},"10":{"start":{"line":23,"column":4},"end":{"line":23,"column":40}},"11":{"start":{"line":24,"column":4},"end":{"line":27,"column":6}},"12":{"start":{"line":29,"column":15},"end":{"line":32,"column":7}},"13":{"start":{"line":29,"column":4},"end":{"line":32,"column":7}},"14":{"start":{"line":34,"column":4},"end":{"line":36,"column":null}},"15":{"start":{"line":35,"column":6},"end":{"line":35,"column":43}},"16":{"start":{"line":38,"column":4},"end":{"line":44,"column":null}},"17":{"start":{"line":43,"column":6},"end":{"line":43,"column":38}},"18":{"start":{"line":46,"column":4},"end":{"line":46,"column":21}},"19":{"start":{"line":48,"column":4},"end":{"line":48,"column":16}},"20":{"start":{"line":11,"column":0},"end":{"line":11,"column":22}}},"fnMap":{"0":{"name":"fetchSession","decl":{"start":{"line":11,"column":22},"end":{"line":11,"column":34}},"loc":{"start":{"line":13,"column":18},"end":{"line":50,"column":null}}}},"branchMap":{"0":{"loc":{"start":{"line":34,"column":4},"end":{"line":36,"column":null}},"type":"if","locations":[{"start":{"line":34,"column":4},"end":{"line":36,"column":null}},{"start":{"line":34,"column":4},"end":{"line":36,"column":null}}]},"1":{"loc":{"start":{"line":38,"column":4},"end":{"line":44,"column":null}},"type":"if","locations":[{"start":{"line":38,"column":4},"end":{"line":44,"column":null}},{"start":{"line":38,"column":4},"end":{"line":44,"column":null}}]}},"s":{"0":3,"1":3,"2":3,"3":3,"4":6,"5":6,"6":6,"7":6,"8":6,"9":6,"10":6,"11":6,"12":6,"13":6,"14":6,"15":0,"16":6,"17":1,"18":5,"19":1,"20":3},"f":{"0":6},"b":{"0":[0,6],"1":[1,5]}}
,"/Users/jeppesmith/Workspaces/fpl-api-monorepo/fpl-api/src/index.ts": {"path":"/Users/jeppesmith/Workspaces/fpl-api-monorepo/fpl-api/src/index.ts","statementMap":{"0":{"start":{"line":1,"column":0},"end":{"line":1,"column":34}},"1":{"start":{"line":2,"column":0},"end":{"line":2,"column":31}},"2":{"start":{"line":3,"column":0},"end":{"line":3,"column":35}}},"fnMap":{},"branchMap":{},"s":{"0":2,"1":2,"2":2},"f":{},"b":{}}
,"/Users/jeppesmith/Workspaces/fpl-api-monorepo/fpl-api/src/privateEndpoints.ts": {"path":"/Users/jeppesmith/Workspaces/fpl-api-monorepo/fpl-api/src/privateEndpoints.ts","statementMap":{"0":{"start":{"line":2,"column":0},"end":{"line":2,"column":62}},"1":{"start":{"line":179,"column":2},"end":{"line":179,"column":null}},"2":{"start":{"line":181,"column":19},"end":{"line":185,"column":null}},"3":{"start":{"line":181,"column":8},"end":{"line":185,"column":null}},"4":{"start":{"line":187,"column":9},"end":{"line":187,"column":31}},"5":{"start":{"line":187,"column":2},"end":{"line":187,"column":31}},"6":{"start":{"line":175,"column":0},"end":{"line":175,"column":22}},"7":{"start":{"line":202,"column":2},"end":{"line":205,"column":null}},"8":{"start":{"line":202,"column":17},"end":{"line":202,"column":19}},"9":{"start":{"line":202,"column":33},"end":{"line":202,"column":38}},"10":{"start":{"line":207,"column":19},"end":{"line":211,"column":null}},"11":{"start":{"line":207,"column":8},"end":{"line":211,"column":null}},"12":{"start":{"line":213,"column":9},"end":{"line":213,"column":31}},"13":{"start":{"line":213,"column":2},"end":{"line":213,"column":31}},"14":{"start":{"line":199,"column":0},"end":{"line":199,"column":22}},"15":{"start":{"line":229,"column":2},"end":{"line":233,"column":null}},"16":{"start":{"line":229,"column":17},"end":{"line":229,"column":19}},"17":{"start":{"line":229,"column":33},"end":{"line":229,"column":35}},"18":{"start":{"line":229,"column":40},"end":{"line":229,"column":45}},"19":{"start":{"line":235,"column":19},"end":{"line":239,"column":null}},"20":{"start":{"line":235,"column":8},"end":{"line":239,"column":null}},"21":{"start":{"line":241,"column":9},"end":{"line":241,"column":31}},"22":{"start":{"line":241,"column":2},"end":{"line":241,"column":31}},"23":{"start":{"line":226,"column":0},"end":{"line":226,"column":22}},"24":{"start":{"line":254,"column":19},"end":{"line":260,"column":null}},"25":{"start":{"line":254,"column":8},"end":{"line":260,"column":null}},"26":{"start":{"line":262,"column":2},"end":{"line":262,"column":33}},"27":{"start":{"line":250,"column":0},"end":{"line":250,"column":22}},"28":{"start":{"line":275,"column":19},"end":{"line":281,"column":null}},"29":{"start":{"line":275,"column":8},"end":{"line":281,"column":null}},"30":{"start":{"line":283,"column":2},"end":{"line":283,"column":33}},"31":{"start":{"line":271,"column":0},"end":{"line":271,"column":22}},"32":{"start":{"line":296,"column":19},"end":{"line":299,"column":null}},"33":{"start":{"line":296,"column":8},"end":{"line":299,"column":null}},"34":{"start":{"line":301,"column":9},"end":{"line":301,"column":31}},"35":{"start":{"line":301,"column":2},"end":{"line":301,"column":31}},"36":{"start":{"line":292,"column":0},"end":{"line":292,"column":22}},"37":{"start":{"line":310,"column":19},"end":{"line":313,"column":null}},"38":{"start":{"line":310,"column":8},"end":{"line":313,"column":null}},"39":{"start":{"line":315,"column":9},"end":{"line":315,"column":31}},"40":{"start":{"line":315,"column":2},"end":{"line":315,"column":31}},"41":{"start":{"line":309,"column":0},"end":{"line":309,"column":22}}},"fnMap":{"0":{"name":"fetchH2HMatches","decl":{"start":{"line":175,"column":22},"end":{"line":175,"column":37}},"loc":{"start":{"line":179,"column":18},"end":{"line":188,"column":null}}},"1":{"name":"fetchH2HLeagueStandings","decl":{"start":{"line":199,"column":22},"end":{"line":199,"column":45}},"loc":{"start":{"line":205,"column":3},"end":{"line":214,"column":null}}},"2":{"name":"fetchClassicLeague","decl":{"start":{"line":226,"column":22},"end":{"line":226,"column":40}},"loc":{"start":{"line":233,"column":3},"end":{"line":242,"column":null}}},"3":{"name":"removeFromWatchList","decl":{"start":{"line":250,"column":22},"end":{"line":250,"column":41}},"loc":{"start":{"line":252,"column":21},"end":{"line":263,"column":null}}},"4":{"name":"addToWatchList","decl":{"start":{"line":271,"column":22},"end":{"line":271,"column":36}},"loc":{"start":{"line":273,"column":21},"end":{"line":284,"column":null}}},"5":{"name":"fetchMyTeam","decl":{"start":{"line":292,"column":22},"end":{"line":292,"column":33}},"loc":{"start":{"line":294,"column":17},"end":{"line":302,"column":null}}},"6":{"name":"fetchCurrentUser","decl":{"start":{"line":309,"column":22},"end":{"line":309,"column":38}},"loc":{"start":{"line":309,"column":57},"end":{"line":316,"column":null}}}},"branchMap":{"0":{"loc":{"start":{"line":179,"column":2},"end":{"line":179,"column":null}},"type":"if","locations":[{"start":{"line":179,"column":2},"end":{"line":179,"column":null}},{"start":{"line":179,"column":2},"end":{"line":179,"column":null}}]},"1":{"loc":{"start":{"line":181,"column":19},"end":{"line":185,"column":null}},"type":"switch","locations":[{"start":{"line":181,"column":19},"end":{"line":185,"column":null}},{"start":{"line":187,"column":2},"end":{"line":187,"column":31}}]},"2":{"loc":{"start":{"line":202,"column":38},"end":{"line":205,"column":null}},"type":"cond-expr","locations":[{"start":{"line":202,"column":38},"end":{"line":205,"column":null}},{"start":{"line":205,"column":3},"end":{"line":205,"column":null}}]},"3":{"loc":{"start":{"line":207,"column":19},"end":{"line":211,"column":null}},"type":"switch","locations":[{"start":{"line":207,"column":19},"end":{"line":211,"column":null}},{"start":{"line":213,"column":2},"end":{"line":213,"column":31}}]},"4":{"loc":{"start":{"line":229,"column":45},"end":{"line":233,"column":null}},"type":"cond-expr","locations":[{"start":{"line":229,"column":45},"end":{"line":233,"column":null}},{"start":{"line":233,"column":3},"end":{"line":233,"column":null}}]},"5":{"loc":{"start":{"line":235,"column":19},"end":{"line":239,"column":null}},"type":"switch","locations":[{"start":{"line":235,"column":19},"end":{"line":239,"column":null}},{"start":{"line":241,"column":2},"end":{"line":241,"column":31}}]},"6":{"loc":{"start":{"line":254,"column":19},"end":{"line":260,"column":null}},"type":"switch","locations":[{"start":{"line":254,"column":19},"end":{"line":260,"column":null}}]},"7":{"loc":{"start":{"line":275,"column":19},"end":{"line":281,"column":null}},"type":"switch","locations":[{"start":{"line":275,"column":19},"end":{"line":281,"column":null}}]},"8":{"loc":{"start":{"line":296,"column":19},"end":{"line":299,"column":null}},"type":"switch","locations":[{"start":{"line":296,"column":19},"end":{"line":299,"column":null}},{"start":{"line":301,"column":2},"end":{"line":301,"column":31}}]},"9":{"loc":{"start":{"line":310,"column":19},"end":{"line":313,"column":null}},"type":"switch","locations":[{"start":{"line":310,"column":19},"end":{"line":313,"column":null}},{"start":{"line":315,"column":2},"end":{"line":315,"column":31}}]}},"s":{"0":2,"1":2,"2":2,"3":2,"4":2,"5":2,"6":2,"7":2,"8":2,"9":2,"10":2,"11":2,"12":2,"13":2,"14":2,"15":2,"16":2,"17":2,"18":2,"19":2,"20":2,"21":2,"22":2,"23":2,"24":2,"25":2,"26":2,"27":2,"28":2,"29":2,"30":2,"31":2,"32":2,"33":2,"34":2,"35":2,"36":2,"37":2,"38":2,"39":2,"40":2,"41":2},"f":{"0":2,"1":2,"2":2,"3":2,"4":2,"5":2,"6":2},"b":{"0":[0,2],"1":[2,2],"2":[1,1],"3":[2,2],"4":[1,1],"5":[2,2],"6":[2],"7":[2],"8":[2,2],"9":[2,2]}}
,"/Users/jeppesmith/Workspaces/fpl-api-monorepo/fpl-api/src/publicEndpoints.ts": {"path":"/Users/jeppesmith/Workspaces/fpl-api-monorepo/fpl-api/src/publicEndpoints.ts","statementMap":{"0":{"start":{"line":1,"column":0},"end":{"line":1,"column":60}},"1":{"start":{"line":453,"column":0},"end":{"line":453,"column":null}},"2":{"start":{"line":454,"column":2},"end":{"line":454,"column":null}},"3":{"start":{"line":455,"column":2},"end":{"line":455,"column":null}},"4":{"start":{"line":456,"column":2},"end":{"line":456,"column":null}},"5":{"start":{"line":517,"column":19},"end":{"line":519,"column":null}},"6":{"start":{"line":517,"column":8},"end":{"line":519,"column":null}},"7":{"start":{"line":521,"column":9},"end":{"line":521,"column":31}},"8":{"start":{"line":521,"column":2},"end":{"line":521,"column":31}},"9":{"start":{"line":516,"column":0},"end":{"line":516,"column":22}},"10":{"start":{"line":531,"column":19},"end":{"line":533,"column":null}},"11":{"start":{"line":531,"column":8},"end":{"line":533,"column":null}},"12":{"start":{"line":534,"column":13},"end":{"line":534,"column":null}},"13":{"start":{"line":534,"column":6},"end":{"line":534,"column":null}},"14":{"start":{"line":536,"column":2},"end":{"line":536,"column":22}},"15":{"start":{"line":538,"column":2},"end":{"line":538,"column":14}},"16":{"start":{"line":528,"column":0},"end":{"line":528,"column":22}},"17":{"start":{"line":550,"column":19},"end":{"line":552,"column":null}},"18":{"start":{"line":550,"column":8},"end":{"line":552,"column":null}},"19":{"start":{"line":554,"column":9},"end":{"line":554,"column":31}},"20":{"start":{"line":554,"column":2},"end":{"line":554,"column":31}},"21":{"start":{"line":546,"column":0},"end":{"line":546,"column":22}},"22":{"start":{"line":561,"column":19},"end":{"line":563,"column":null}},"23":{"start":{"line":561,"column":8},"end":{"line":563,"column":null}},"24":{"start":{"line":565,"column":9},"end":{"line":565,"column":31}},"25":{"start":{"line":565,"column":2},"end":{"line":565,"column":31}},"26":{"start":{"line":560,"column":0},"end":{"line":560,"column":22}},"27":{"start":{"line":573,"column":8},"end":{"line":573,"column":65}},"28":{"start":{"line":574,"column":19},"end":{"line":576,"column":null}},"29":{"start":{"line":574,"column":8},"end":{"line":576,"column":null}},"30":{"start":{"line":578,"column":2},"end":{"line":578,"column":25}},"31":{"start":{"line":572,"column":0},"end":{"line":572,"column":22}},"32":{"start":{"line":586,"column":19},"end":{"line":588,"column":null}},"33":{"start":{"line":586,"column":8},"end":{"line":588,"column":null}},"34":{"start":{"line":590,"column":2},"end":{"line":590,"column":25}},"35":{"start":{"line":585,"column":0},"end":{"line":585,"column":22}},"36":{"start":{"line":600,"column":19},"end":{"line":602,"column":null}},"37":{"start":{"line":600,"column":8},"end":{"line":602,"column":null}},"38":{"start":{"line":604,"column":2},"end":{"line":604,"column":25}},"39":{"start":{"line":597,"column":0},"end":{"line":597,"column":22}},"40":{"start":{"line":612,"column":19},"end":{"line":614,"column":null}},"41":{"start":{"line":612,"column":8},"end":{"line":614,"column":null}},"42":{"start":{"line":616,"column":2},"end":{"line":616,"column":25}},"43":{"start":{"line":611,"column":0},"end":{"line":611,"column":22}}},"fnMap":{"0":{"name":"(anonymous_13)","decl":{"start":{"line":453,"column":0},"end":{"line":453,"column":12}},"loc":{"start":{"line":453,"column":32},"end":{"line":457,"column":1}}},"1":{"name":"fetchBootstrap","decl":{"start":{"line":516,"column":22},"end":{"line":516,"column":36}},"loc":{"start":{"line":516,"column":36},"end":{"line":522,"column":null}}},"2":{"name":"fetchElementSummary","decl":{"start":{"line":528,"column":22},"end":{"line":528,"column":41}},"loc":{"start":{"line":529,"column":19},"end":{"line":539,"column":null}}},"3":{"name":"fetchEntryEvent","decl":{"start":{"line":546,"column":22},"end":{"line":546,"column":37}},"loc":{"start":{"line":548,"column":17},"end":{"line":555,"column":null}}},"4":{"name":"fetchEventStatus","decl":{"start":{"line":560,"column":22},"end":{"line":560,"column":38}},"loc":{"start":{"line":560,"column":38},"end":{"line":566,"column":null}}},"5":{"name":"fetchFixtures","decl":{"start":{"line":572,"column":22},"end":{"line":572,"column":35}},"loc":{"start":{"line":572,"column":52},"end":{"line":579,"column":null}}},"6":{"name":"fetchLive","decl":{"start":{"line":585,"column":22},"end":{"line":585,"column":31}},"loc":{"start":{"line":585,"column":47},"end":{"line":591,"column":null}}},"7":{"name":"fetchEntryHistory","decl":{"start":{"line":597,"column":22},"end":{"line":597,"column":39}},"loc":{"start":{"line":598,"column":17},"end":{"line":605,"column":null}}},"8":{"name":"fetchEntry","decl":{"start":{"line":611,"column":22},"end":{"line":611,"column":32}},"loc":{"start":{"line":611,"column":48},"end":{"line":617,"column":null}}}},"branchMap":{"0":{"loc":{"start":{"line":453,"column":12},"end":{"line":453,"column":32}},"type":"binary-expr","locations":[{"start":{"line":453,"column":12},"end":{"line":453,"column":32}},{"start":{"line":453,"column":12},"end":{"line":453,"column":null}}]},"1":{"loc":{"start":{"line":517,"column":19},"end":{"line":519,"column":null}},"type":"switch","locations":[{"start":{"line":517,"column":19},"end":{"line":519,"column":null}},{"start":{"line":521,"column":2},"end":{"line":521,"column":31}}]},"2":{"loc":{"start":{"line":531,"column":19},"end":{"line":533,"column":null}},"type":"switch","locations":[{"start":{"line":531,"column":19},"end":{"line":533,"column":null}}]},"3":{"loc":{"start":{"line":550,"column":19},"end":{"line":552,"column":null}},"type":"switch","locations":[{"start":{"line":550,"column":19},"end":{"line":552,"column":null}},{"start":{"line":554,"column":2},"end":{"line":554,"column":31}}]},"4":{"loc":{"start":{"line":561,"column":19},"end":{"line":563,"column":null}},"type":"switch","locations":[{"start":{"line":561,"column":19},"end":{"line":563,"column":null}},{"start":{"line":565,"column":2},"end":{"line":565,"column":31}}]},"5":{"loc":{"start":{"line":573,"column":40},"end":{"line":573,"column":59}},"type":"cond-expr","locations":[{"start":{"line":573,"column":40},"end":{"line":573,"column":59}},{"start":{"line":573,"column":62},"end":{"line":573,"column":64}}]},"6":{"loc":{"start":{"line":586,"column":19},"end":{"line":588,"column":null}},"type":"switch","locations":[{"start":{"line":586,"column":19},"end":{"line":588,"column":null}}]},"7":{"loc":{"start":{"line":600,"column":19},"end":{"line":602,"column":null}},"type":"switch","locations":[{"start":{"line":600,"column":19},"end":{"line":602,"column":null}}]},"8":{"loc":{"start":{"line":612,"column":19},"end":{"line":614,"column":null}},"type":"switch","locations":[{"start":{"line":612,"column":19},"end":{"line":614,"column":null}}]}},"s":{"0":3,"1":3,"2":3,"3":3,"4":3,"5":2,"6":2,"7":2,"8":2,"9":3,"10":3,"11":3,"12":3,"13":3,"14":3,"15":3,"16":3,"17":2,"18":2,"19":2,"20":2,"21":3,"22":2,"23":2,"24":2,"25":2,"26":3,"27":3,"28":3,"29":3,"30":3,"31":3,"32":2,"33":2,"34":2,"35":3,"36":2,"37":2,"38":2,"39":3,"40":2,"41":2,"42":2,"43":3},"f":{"0":3,"1":2,"2":3,"3":2,"4":2,"5":3,"6":2,"7":2,"8":2},"b":{"0":[3,3],"1":[2,2],"2":[3],"3":[2,2],"4":[2,2],"5":[1,2],"6":[2],"7":[2],"8":[2]}}
}
