TN:
SF:src/fetchPrivateEndpoint.ts
FN:5,fetchPrivateEndpoint
FNF:1
FNH:1
FNDA:4,fetchPrivateEndpoint
DA:1,2
DA:2,2
DA:5,2
DA:10,4
DA:11,4
DA:13,4
DA:14,0
DA:17,4
LF:8
LH:7
BRDA:13,0,0,0
BRDA:13,0,1,4
BRF:2
BRH:1
end_of_record
TN:
SF:src/fetchPublicEndpoint.ts
FN:3,fetchPublicEndpoint
FNF:1
FNH:1
FNDA:3,fetchPublicEndpoint
DA:1,3
DA:3,3
DA:7,3
DA:9,3
DA:10,0
DA:13,3
LF:6
LH:5
BRDA:7,0,0,3
BRDA:9,1,0,0
BRDA:9,1,1,3
BRF:3
BRH:2
end_of_record
TN:
SF:src/fetchSession.ts
FN:11,fetchSession
FNF:1
FNH:1
FNDA:6,fetchSession
DA:1,3
DA:2,3
DA:3,3
DA:4,3
DA:11,3
DA:16,6
DA:17,6
DA:18,6
DA:19,6
DA:21,6
DA:22,6
DA:23,6
DA:24,6
DA:29,6
DA:34,6
DA:35,0
DA:38,6
DA:43,1
DA:46,5
DA:48,1
LF:20
LH:19
BRDA:34,0,0,0
BRDA:34,0,1,6
BRDA:38,1,0,1
BRDA:38,1,1,5
BRF:4
BRH:3
end_of_record
TN:
SF:src/index.ts
FNF:0
FNH:0
DA:1,2
DA:2,2
DA:3,2
LF:3
LH:3
BRF:0
BRH:0
end_of_record
TN:
SF:src/privateEndpoints.ts
FN:175,fetchH2HMatches
FN:199,fetchH2HLeagueStandings
FN:226,fetchClassicLeague
FN:250,removeFromWatchList
FN:271,addToWatchList
FN:292,fetchMyTeam
FN:309,fetchCurrentUser
FNF:7
FNH:7
FNDA:2,fetchH2HMatches
FNDA:2,fetchH2HLeagueStandings
FNDA:2,fetchClassicLeague
FNDA:2,removeFromWatchList
FNDA:2,addToWatchList
FNDA:2,fetchMyTeam
FNDA:2,fetchCurrentUser
DA:2,2
DA:175,2
DA:179,2
DA:181,2
DA:187,2
DA:199,2
DA:202,2
DA:207,2
DA:213,2
DA:226,2
DA:229,2
DA:235,2
DA:241,2
DA:250,2
DA:254,2
DA:262,2
DA:271,2
DA:275,2
DA:283,2
DA:292,2
DA:296,2
DA:301,2
DA:309,2
DA:310,2
DA:315,2
LF:25
LH:25
BRDA:179,0,0,0
BRDA:179,0,1,2
BRDA:181,1,0,2
BRDA:181,1,1,2
BRDA:202,2,0,1
BRDA:202,2,1,1
BRDA:207,3,0,2
BRDA:207,3,1,2
BRDA:229,4,0,1
BRDA:229,4,1,1
BRDA:235,5,0,2
BRDA:235,5,1,2
BRDA:254,6,0,2
BRDA:275,7,0,2
BRDA:296,8,0,2
BRDA:296,8,1,2
BRDA:310,9,0,2
BRDA:310,9,1,2
BRF:18
BRH:17
end_of_record
TN:
SF:src/publicEndpoints.ts
FN:453,(anonymous_13)
FN:516,fetchBootstrap
FN:528,fetchElementSummary
FN:546,fetchEntryEvent
FN:560,fetchEventStatus
FN:572,fetchFixtures
FN:585,fetchLive
FN:597,fetchEntryHistory
FN:611,fetchEntry
FNF:9
FNH:9
FNDA:3,(anonymous_13)
FNDA:2,fetchBootstrap
FNDA:3,fetchElementSummary
FNDA:2,fetchEntryEvent
FNDA:2,fetchEventStatus
FNDA:3,fetchFixtures
FNDA:2,fetchLive
FNDA:2,fetchEntryHistory
FNDA:2,fetchEntry
DA:1,3
DA:453,3
DA:454,3
DA:455,3
DA:456,3
DA:516,3
DA:517,2
DA:521,2
DA:528,3
DA:531,3
DA:534,3
DA:536,3
DA:538,3
DA:546,3
DA:550,2
DA:554,2
DA:560,3
DA:561,2
DA:565,2
DA:572,3
DA:573,3
DA:574,3
DA:578,3
DA:585,3
DA:586,2
DA:590,2
DA:597,3
DA:600,2
DA:604,2
DA:611,3
DA:612,2
DA:616,2
LF:32
LH:32
BRDA:453,0,0,3
BRDA:453,0,1,3
BRDA:517,1,0,2
BRDA:517,1,1,2
BRDA:531,2,0,3
BRDA:550,3,0,2
BRDA:550,3,1,2
BRDA:561,4,0,2
BRDA:561,4,1,2
BRDA:573,5,0,1
BRDA:573,5,1,2
BRDA:586,6,0,2
BRDA:600,7,0,2
BRDA:612,8,0,2
BRF:14
BRH:14
end_of_record
